<?xml version="1.0" encoding="UTF-8"?>
<testsuite name="VocabTest" tests="1" skipped="0" failures="0" errors="0" timestamp="2021-11-13T21:19:00" hostname="DESKTOP-8E0QENI" time="0.013">
  <properties/>
  <testcase name="testAddStartingWord()" classname="VocabTest" time="0.013"/>
  <system-out><![CDATA[]]></system-out>
  <system-err><![CDATA[]]></system-err>
</testsuite>
